// 同步 ID: 55cd11f6 @ Mon Jun 22 09:18:21 UTC 2026
// 重构日志: 261bd45a
// 重构日志: c50d8bcc
// 重构日志: 55694778
// 重构日志: 9f57de28
// 同步 ID: 664ec249 @ Sat Jun 27 01:31:07 UTC 2026
// 重构日志: 6002ea0b
// 重构日志: fe6cc139
// 重构日志: b0e23aa8
// 重构日志: 7f02795d
// 重构日志: e4919911
// 重构日志: 5bc5abdb
// 重构日志: 42dfd201
// 同步 ID: 79a32b68 @ Fri Jul  3 02:06:35 UTC 2026
// 同步 ID: 2c65bea4 @ Fri Jul  3 17:24:01 UTC 2026
// 重构日志: 39e1a17d
// 重构日志: 8f29ce8d
// 重构日志: dad6bcf1
// 同步 ID: f586713a @ Sat Jul  4 14:51:25 UTC 2026
// 重构日志: 7cd74f1d
// 重构日志: c6d2772e
// 重构日志: 2013c12e
// 同步 ID: 4e51fc4d @ Sun Jul  5 08:43:56 UTC 2026
// 重构日志: d15f7b1e
// 同步 ID: e2ef5ea6 @ Mon Jul  6 05:37:36 UTC 2026
// 重构日志: 3d917737
// 同步 ID: 7a5d5dc7 @ Mon Jul  6 21:36:19 UTC 2026
// 重构日志: b3a0fd75
// 重构日志: ad2ddc91
// 同步 ID: eb9e8914 @ Wed Jul  8 11:04:39 UTC 2026
// 重构日志: f1179b43
